<?xml version="1.0" encoding="UTF-8"?>
<!-- Generated by org.testng.reporters.JUnitReportReporter -->
<testsuite skipped="0" hostname="FAMINA" name="Tests.AmazonAppTest" tests="1" failures="0" timestamp="01 Dec 2019 17:57:29 GMT" time="62.021" errors="0">
  <testcase name="amazonsearchIPhone" time="62.021" classname="Tests.AmazonAppTest"/>
</testsuite> <!-- Tests.AmazonAppTest -->
